2025-07-06 17:52:38,183 - INFO - Starting bulletproof deployment deploy_20250706_175238
2025-07-06 17:52:38,183 - INFO - Phase 1: Validating prerequisites
2025-07-06 17:52:38,183 - INFO - Validating deployment prerequisites...
2025-07-06 17:52:40,913 - INFO - Phase 2: Backing up current deployment
2025-07-06 17:52:40,914 - INFO - Backing up current deployment...
2025-07-06 17:52:41,796 - INFO - Phase 3: Preparing deployment files
2025-07-06 17:52:41,796 - INFO - Preparing deployment files...
2025-07-06 17:52:41,796 - ERROR - Deployment failed: File preparation failed: ['sqlite3 found in requirements.txt (should not be included)']
2025-07-06 17:53:59,861 - INFO - Rolling back deployment...
2025-07-06 17:54:00,868 - ERROR - Rollback failed
2025-07-06 17:54:45,753 - INFO - Starting bulletproof deployment deploy_20250706_175445
2025-07-06 17:54:45,753 - INFO - Phase 1: Validating prerequisites
2025-07-06 17:54:45,753 - INFO - Validating deployment prerequisites...
2025-07-06 17:54:48,190 - INFO - Phase 2: Backing up current deployment
2025-07-06 17:54:48,190 - INFO - Backing up current deployment...
2025-07-06 17:54:49,065 - INFO - Phase 3: Preparing deployment files
2025-07-06 17:54:49,065 - INFO - Preparing deployment files...
2025-07-06 17:54:49,066 - ERROR - Deployment failed: File preparation failed: ['sqlite3 found in requirements.txt (should not be included)']
2025-07-06 17:57:27,356 - INFO - Rolling back deployment...
2025-07-06 17:57:28,293 - ERROR - Rollback failed
2025-07-06 17:58:00,147 - INFO - Starting bulletproof deployment deploy_20250706_175800
2025-07-06 17:58:00,147 - INFO - Phase 1: Validating prerequisites
2025-07-06 17:58:00,147 - INFO - Validating deployment prerequisites...
2025-07-06 17:58:02,678 - INFO - Phase 2: Backing up current deployment
2025-07-06 17:58:02,678 - INFO - Backing up current deployment...
2025-07-06 17:58:03,585 - INFO - Phase 3: Preparing deployment files
2025-07-06 17:58:03,586 - INFO - Preparing deployment files...
2025-07-06 17:58:03,586 - INFO - Phase 4: Deploying to Heroku
2025-07-06 17:58:03,586 - INFO - Deploying to Heroku...
2025-07-06 17:58:03,586 - INFO - Adding changes to git...
